ASxxxx Assembler V05.50  (Zilog eZ80)                                   Page 1
Hexadecimal [24-Bits]                                 Mon Sep 29 11:42:19 2025



      000000                          1 IOsetup:
      000000 3E 4F            [ 2]    2     LD A, 0x4F
      000002 D3 02            [ 3]    3     OUT (02), A
      000004 3E 0F            [ 2]    4     LD A, 0x0F
      000006 D3 03            [ 3]    5     OUT (03), A
      000008 C9               [ 5]    6     RET
                                      7 
      000009                          8 display:
      000009 3A F0 00         [ 4]    9     LD A, (0x00F0)
      00000C C6 10            [ 2]   10     ADD A, 0x10
      00000E D3 01            [ 3]   11     OUT (0x01), A
      000010 3A F1 00         [ 4]   12     LD A, (0x00F1)
      000013 C6 20            [ 2]   13     ADD A, 0x20
      000015 D3 01            [ 3]   14     OUT (0x01), A
      000017 3A F2 00         [ 4]   15     LD A, (0x00F2)
      00001A C6 40            [ 2]   16     ADD A, 0x40
      00001C D3 01            [ 3]   17     OUT (0x01), A
      00001E 3A F3 00         [ 4]   18     LD A, (0x00F3)
      000021 C6 80            [ 2]   19     ADD A, 0x80
      000023 D3 01            [ 3]   20     OUT (0x01), A
      000025 C9               [ 5]   21     RET
                                     22 
      000026                         23 START:
      000026 CD 00 00         [ 5]   24     CALL IOsetup
      000029 3E 00            [ 2]   25     LD A, 0x00
      00002B 06 00            [ 2]   26     LD B, 0x00
                                     27 
      00002D                         28 LOOP:
      00002D 32 F0 00         [ 4]   29     LD (0x00F0), A
      000030 3C               [ 1]   30     INC A
      000031 32 F1 00         [ 4]   31     LD (0x00F1), A
      000034 3C               [ 1]   32     INC A
      000035 32 F2 00         [ 4]   33     LD (0x00F2), A
      000038 3C               [ 1]   34     INC A
      000039 32 F3 00         [ 4]   35     LD (0x00F3), A
      00003C CD 09 00         [ 5]   36     CALL display
      00003F 3C               [ 1]   37     INC A
      000040 04               [ 1]   38     INC B
      000041 4F               [ 1]   39     LD C, A
      000042 78               [ 1]   40     LD A, B
      000043 D6 04            [ 2]   41     SUB A, 0x04
      000045 79               [ 1]   42     LD A, C
      000046 C2 2D 00         [ 4]   43     JP NZ, LOOP
      000049 C3 26 00         [ 4]   44     JP START
                                     45 
                                     46 ; End of program
                                     47 
